build/outputs/logs/manifest-merger-debug-report.txt
-- Merging decision tree log ---
manifest
ADDED from mixare\AndroidManifest.xml:2:1-151:12
	xmlns:tools
		ADDED from mixare\AndroidManifest.xml:7:5-51
	xmlns:android
		ADDED from mixare\AndroidManifest.xml:6:5-63
	package
		ADDED from mixare\AndroidManifest.xml:2:11-31
	android:versionName
		ADDED from mixare\AndroidManifest.xml:5:5-32
		INJECTED from mixare\AndroidManifest.xml
		INJECTED from mixare\AndroidManifest.xml
	android:versionCode
		ADDED from mixare\AndroidManifest.xml:4:5-29
		INJECTED from mixare\AndroidManifest.xml
		INJECTED from mixare\AndroidManifest.xml
	android:installLocation
		ADDED from mixare\AndroidManifest.xml:3:5-35
uses-sdk
ADDED from mixare\AndroidManifest.xml:9:5-11:41
MERGED from [com.actionbarsherlock:actionbarsherlock:4.4.0] AndroidManifest.xml:3:3-70
MERGED from [mixare:mixarelib:unspecified] AndroidManifest.xml:7:5-9:40
	android:targetSdkVersion
		ADDED from mixare\AndroidManifest.xml:11:9-38
		INJECTED from mixare\AndroidManifest.xml
		INJECTED from mixare\AndroidManifest.xml
	android:minSdkVersion
		ADDED from mixare\AndroidManifest.xml:10:9-35
		INJECTED from mixare\AndroidManifest.xml
		INJECTED from mixare\AndroidManifest.xml
uses-permission#android.permission.ACCESS_FINE_LOCATION
ADDED from mixare\AndroidManifest.xml:13:5-79
	android:name
		ADDED from mixare\AndroidManifest.xml:13:22-76
uses-permission#android.permission.INTERNET
ADDED from mixare\AndroidManifest.xml:14:5-67
	android:name
		ADDED from mixare\AndroidManifest.xml:14:22-64
uses-permission#android.permission.CAMERA
ADDED from mixare\AndroidManifest.xml:15:5-65
	android:name
		ADDED from mixare\AndroidManifest.xml:15:22-62
uses-permission#android.permission.WRITE_EXTERNAL_STORAGE
ADDED from mixare\AndroidManifest.xml:16:5-81
	android:name
		ADDED from mixare\AndroidManifest.xml:16:22-78
uses-permission#android.permission.ACCESS_NETWORK_STATE
ADDED from mixare\AndroidManifest.xml:17:5-79
	android:name
		ADDED from mixare\AndroidManifest.xml:17:22-76
uses-feature#android.hardware.camera.autofocus
ADDED from mixare\AndroidManifest.xml:19:5-22:20
	android:required
		ADDED from mixare\AndroidManifest.xml:21:9-33
	android:name
		ADDED from mixare\AndroidManifest.xml:20:9-57
uses-feature#android.hardware.camera.flash
ADDED from mixare\AndroidManifest.xml:23:5-26:20
	android:required
		ADDED from mixare\AndroidManifest.xml:25:9-33
	android:name
		ADDED from mixare\AndroidManifest.xml:24:9-53
uses-feature#android.hardware.camera.front
ADDED from mixare\AndroidManifest.xml:27:5-30:20
	android:required
		ADDED from mixare\AndroidManifest.xml:29:9-33
	android:name
		ADDED from mixare\AndroidManifest.xml:28:9-53
uses-permission#android.permission.WAKE_LOCK
ADDED from mixare\AndroidManifest.xml:32:5-33:23
	android:name
		ADDED from mixare\AndroidManifest.xml:32:22-65
supports-screens
ADDED from mixare\AndroidManifest.xml:35:5-41:24
	android:largeScreens
		ADDED from mixare\AndroidManifest.xml:37:9-36
	android:anyDensity
		ADDED from mixare\AndroidManifest.xml:36:9-34
	android:normalScreens
		ADDED from mixare\AndroidManifest.xml:38:9-37
	android:xlargeScreens
		ADDED from mixare\AndroidManifest.xml:40:9-37
	android:smallScreens
		ADDED from mixare\AndroidManifest.xml:39:9-36
application
ADDED from mixare\AndroidManifest.xml:43:5-150:19
MERGED from [com.actionbarsherlock:actionbarsherlock:4.4.0] AndroidManifest.xml:4:3-17
MERGED from [mixare:mixarelib:unspecified] AndroidManifest.xml:11:5-12:19
	android:label
		ADDED from mixare\AndroidManifest.xml:46:9-41
		REJECTED from [mixare:mixarelib:unspecified] AndroidManifest.xml:11:18-43
	android:icon
		ADDED from mixare\AndroidManifest.xml:45:9-45
	android:theme
		ADDED from mixare\AndroidManifest.xml:47:9-46
	tools:replace
		ADDED from mixare\AndroidManifest.xml:44:9-38
uses-library#com.google.android.maps
ADDED from mixare\AndroidManifest.xml:48:9-64
	android:name
		ADDED from mixare\AndroidManifest.xml:48:23-61
activity#org.mixare.MainActivity
ADDED from mixare\AndroidManifest.xml:50:9-60:20
	android:screenOrientation
		ADDED from mixare\AndroidManifest.xml:54:13-50
	android:label
		ADDED from mixare\AndroidManifest.xml:52:13-45
	android:icon
		ADDED from mixare\AndroidManifest.xml:51:13-49
	android:configChanges
		ADDED from mixare\AndroidManifest.xml:53:13-83
	android:name
		ADDED from mixare\AndroidManifest.xml:50:19-47
intent-filter#android.intent.action.MAIN+android.intent.category.LAUNCHER
ADDED from mixare\AndroidManifest.xml:55:13-59:29
action#android.intent.action.MAIN
ADDED from mixare\AndroidManifest.xml:56:17-69
	android:name
		ADDED from mixare\AndroidManifest.xml:56:25-66
category#android.intent.category.LAUNCHER
ADDED from mixare\AndroidManifest.xml:58:17-77
	android:name
		ADDED from mixare\AndroidManifest.xml:58:27-74
activity#org.mixare.MixView
ADDED from mixare\AndroidManifest.xml:62:9-93:20
	android:screenOrientation
		ADDED from mixare\AndroidManifest.xml:66:13-50
	android:label
		ADDED from mixare\AndroidManifest.xml:63:13-45
	android:configChanges
		ADDED from mixare\AndroidManifest.xml:65:13-83
	android:name
		ADDED from mixare\AndroidManifest.xml:62:19-42
	android:launchMode
		ADDED from mixare\AndroidManifest.xml:64:13-43
intent-filter#android.intent.action.VIEW+android.intent.category.BROWSABLE+android.intent.category.DEFAULT
ADDED from mixare\AndroidManifest.xml:67:13-82:29
action#android.intent.action.VIEW
ADDED from mixare\AndroidManifest.xml:68:17-69
	android:name
		ADDED from mixare\AndroidManifest.xml:68:25-66
category#android.intent.category.DEFAULT
ADDED from mixare\AndroidManifest.xml:70:17-76
	android:name
		ADDED from mixare\AndroidManifest.xml:70:27-73
category#android.intent.category.BROWSABLE
ADDED from mixare\AndroidManifest.xml:71:17-78
	android:name
		ADDED from mixare\AndroidManifest.xml:71:27-75
data
ADDED from mixare\AndroidManifest.xml:73:17-75:45
	android:mimeType
		ADDED from mixare\AndroidManifest.xml:74:21-63
	android:scheme
		ADDED from mixare\AndroidManifest.xml:75:21-42
intent-filter#android.intent.action.SEARCH
ADDED from mixare\AndroidManifest.xml:83:13-85:29
action#android.intent.action.SEARCH
ADDED from mixare\AndroidManifest.xml:84:17-71
	android:name
		ADDED from mixare\AndroidManifest.xml:84:25-68
meta-data#android.app.searchable
ADDED from mixare\AndroidManifest.xml:87:13-89:54
	android:resource
		ADDED from mixare\AndroidManifest.xml:89:17-51
	android:name
		ADDED from mixare\AndroidManifest.xml:88:17-54
meta-data#android.app.default_searchable
ADDED from mixare\AndroidManifest.xml:90:13-92:44
	android:name
		ADDED from mixare\AndroidManifest.xml:91:17-62
	android:value
		ADDED from mixare\AndroidManifest.xml:92:17-41
activity#org.mixare.PluginLoaderActivity
ADDED from mixare\AndroidManifest.xml:95:9-101:20
	android:screenOrientation
		ADDED from mixare\AndroidManifest.xml:97:13-50
	android:configChanges
		ADDED from mixare\AndroidManifest.xml:96:13-83
	android:name
		ADDED from mixare\AndroidManifest.xml:95:19-54
intent-filter#android.intent.action.MAIN
ADDED from mixare\AndroidManifest.xml:98:13-100:29
activity#org.mixare.MixListView
ADDED from mixare\AndroidManifest.xml:103:9-114:20
	android:screenOrientation
		ADDED from mixare\AndroidManifest.xml:105:13-45
	android:label
		ADDED from mixare\AndroidManifest.xml:106:13-50
	android:name
		ADDED from mixare\AndroidManifest.xml:103:19-45
	android:launchMode
		ADDED from mixare\AndroidManifest.xml:104:13-43
activity#org.mixare.map.MixMap
ADDED from mixare\AndroidManifest.xml:116:9-117:20
	android:name
		ADDED from mixare\AndroidManifest.xml:116:19-45
activity#org.mixare.map.GoogleMap
ADDED from mixare\AndroidManifest.xml:119:9-129:20
	android:screenOrientation
		ADDED from mixare\AndroidManifest.xml:121:13-45
	android:name
		ADDED from mixare\AndroidManifest.xml:119:19-48
	android:launchMode
		ADDED from mixare\AndroidManifest.xml:120:13-43
activity#org.mixare.map.OsmMap
ADDED from mixare\AndroidManifest.xml:131:9-134:20
	android:screenOrientation
		ADDED from mixare\AndroidManifest.xml:133:13-45
	android:name
		ADDED from mixare\AndroidManifest.xml:131:19-45
	android:launchMode
		ADDED from mixare\AndroidManifest.xml:132:13-43
activity#org.mixare.data.AddDataSource
ADDED from mixare\AndroidManifest.xml:136:9-141:20
	android:label
		ADDED from mixare\AndroidManifest.xml:136:54-92
	android:name
		ADDED from mixare\AndroidManifest.xml:136:19-53
intent-filter#android.intent.action.MAIN+com.actionbarsherlock.sample.demos.EXAMPLE
ADDED from mixare\AndroidManifest.xml:137:13-140:29
category#com.actionbarsherlock.sample.demos.EXAMPLE
ADDED from mixare\AndroidManifest.xml:139:17-86
	android:name
		ADDED from mixare\AndroidManifest.xml:139:27-84
activity#org.mixare.data.DataSourceList
ADDED from mixare\AndroidManifest.xml:143:9-144:55
	android:label
		ADDED from mixare\AndroidManifest.xml:144:13-52
	android:name
		ADDED from mixare\AndroidManifest.xml:143:19-54
activity#org.mixare.PluginListActivity
ADDED from mixare\AndroidManifest.xml:146:9-148:20
	android:label
		ADDED from mixare\AndroidManifest.xml:147:13-48
	android:name
		ADDED from mixare\AndroidManifest.xml:146:19-53